<?xml version="1.0" encoding="UTF-8"?>
<!-- Generated by org.testng.reporters.JUnitXMLReporter -->
<testsuite hostname="Ishaan-lappy" ignored="0" name="Default test" tests="4" failures="0" timestamp="29 Jul 2022 05:44:32 GMT" time="47.305" errors="0">
  <testcase name="method1" time="0.242" classname="org.testngflipkart.CodingTestNG"/>
  <testcase name="method2" time="0.752" classname="org.testngflipkart.CodingTestNG"/>
  <testcase name="method3" time="0.158" classname="org.testngflipkart.CodingTestNG"/>
  <testcase name="method4" time="3.166" classname="org.testngflipkart.CodingTestNG"/>
</testsuite> <!-- Default test -->
