<?xml version="1.0" encoding="UTF-8"?>
<!-- Generated by org.testng.reporters.JUnitXMLReporter -->
<testsuite hostname="Ishaan-lappy" ignored="0" name="Test" tests="4" failures="0" timestamp="30 Jul 2022 06:00:39 GMT" time="30.364" errors="0">
  <testcase name="method1" time="0.144" classname="org.testngflipkart.CodingTestNG"/>
  <testcase name="method2" time="0.136" classname="org.testngflipkart.CodingTestNG"/>
  <testcase name="method3" time="0.08" classname="org.testngflipkart.CodingTestNG"/>
  <testcase name="method4" time="1.755" classname="org.testngflipkart.CodingTestNG"/>
</testsuite> <!-- Test -->
